<?xml version="1.0" encoding="UTF-8"?>
<robot generator="Robot 6.1 (Python 3.10.6 on linux)" generated="20231029 14:24:00.030" rpa="false" schemaversion="4">
<suite id="s1" name="The-Internet-Herokuapp" source="/home/manoela/Robot-framework-playwright/tests/the-internet-herokuapp.robot">
<test id="s1-t1" name="Interagindo com Dropdown" line="7">
<kw name="Acessar &quot;https://the-internet.herokuapp.com/dropdown&quot;" library="the-internet-herokuapp" sourcename="Acessar &quot;${site}&quot;">
<kw name="New Browser" library="Browser">
<arg>browser=${BROWSER}</arg>
<arg>headless=${HEADLESS}</arg>
<tag>BrowserControl</tag>
<tag>Setter</tag>
<doc>Create a new playwright Browser with specified options.</doc>
<msg timestamp="20231029 14:24:02.176" level="INFO">{"browser": "chromium", "headless": false, "devtools": false, "handleSIGHUP": true, "handleSIGINT": true, "handleSIGTERM": true, "slowMo": 0.0, "timeout": 30000.0, "deprecated_pos_args": [], "tracesDir": "/home/manoela/Robot-framework-playwright/browser/traces/09cab5c2-c903-4765-9e4b-3b0403e2c79d"}</msg>
<msg timestamp="20231029 14:24:07.714" level="INFO">Successfully created browser with options: {"browser":"chromium","headless":false,"devtools":false,"handleSIGHUP":true,"handleSIGINT":true,"handleSIGTERM":true,"slowMo":0,"timeout":30000,"deprecated_pos_args":[],"tracesDir":"/home/manoela/Robot-framework-playwright/browser/traces/09cab5c2-c903-4765-9e4b-3b0403e2c79d"}</msg>
<status status="PASS" starttime="20231029 14:24:02.175" endtime="20231029 14:24:07.714"/>
</kw>
<kw name="New Page" library="Browser">
<arg>url=${site}</arg>
<tag>BrowserControl</tag>
<tag>Setter</tag>
<doc>Open a new Page.</doc>
<msg timestamp="20231029 14:24:14.265" level="INFO">Successfully initialized new page object and opened url: https://the-internet.herokuapp.com/dropdown</msg>
<msg timestamp="20231029 14:24:14.265" level="INFO">No context was open. New context was automatically opened when this page is created.</msg>
<status status="PASS" starttime="20231029 14:24:07.715" endtime="20231029 14:24:14.266"/>
</kw>
<status status="PASS" starttime="20231029 14:24:02.175" endtime="20231029 14:24:14.266"/>
</kw>
<kw name="Selecionar opção &quot;Option 1&quot;" library="the-internet-herokuapp" sourcename="Selecionar opção &quot;${opcao}&quot;">
<kw name="Select Options By" library="Browser">
<arg>id=dropdown</arg>
<arg>text</arg>
<arg>${opcao}</arg>
<tag>PageContent</tag>
<tag>Setter</tag>
<doc>Selects options from select element found by ``selector``.</doc>
<status status="PASS" starttime="20231029 14:24:14.267" endtime="20231029 14:24:14.310"/>
</kw>
<status status="PASS" starttime="20231029 14:24:14.267" endtime="20231029 14:24:14.310"/>
</kw>
<kw name="Tirar Print" library="the-internet-herokuapp" type="TEARDOWN">
<kw name="Take Screenshot" library="Browser">
<tag>PageContent</tag>
<doc>Takes a screenshot of the current window or element and saves it to disk.</doc>
<msg timestamp="20231029 14:24:14.494" level="INFO" html="true">&lt;/td&gt;&lt;/tr&gt;&lt;tr&gt;&lt;td colspan="3"&gt;&lt;a href="browser/screenshot/robotframework-browser-screenshot-1.png" target="_blank"&gt;&lt;img src="browser/screenshot/robotframework-browser-screenshot-1.png" width="800px"/&gt;&lt;/a&gt;</msg>
<status status="PASS" starttime="20231029 14:24:14.311" endtime="20231029 14:24:14.494"/>
</kw>
<status status="PASS" starttime="20231029 14:24:14.311" endtime="20231029 14:24:14.495"/>
</kw>
<status status="PASS" starttime="20231029 14:24:02.172" endtime="20231029 14:24:14.496"/>
</test>
<status status="PASS" starttime="20231029 14:24:00.035" endtime="20231029 14:24:14.555"/>
</suite>
<statistics>
<total>
<stat pass="1" fail="0" skip="0">All Tests</stat>
</total>
<tag>
</tag>
<suite>
<stat pass="1" fail="0" skip="0" id="s1" name="The-Internet-Herokuapp">The-Internet-Herokuapp</stat>
</suite>
</statistics>
<errors>
</errors>
</robot>
