<?xml version="1.0" encoding="UTF-8"?>
<robot generator="Robot 6.1 (Python 3.10.6 on linux)" generated="20241006 15:37:58.680" rpa="false" schemaversion="4">
<suite id="s1" name="Robot-framework-playwright" source="/home/manoela/Robot-framework-playwright">
<suite id="s1-s1" name="Tests" source="/home/manoela/Robot-framework-playwright/tests">
<suite id="s1-s1-s1" name="Serve-Rest-Front" source="/home/manoela/Robot-framework-playwright/tests/serve-rest-front.robot">
<kw name="Register user and log in" library="serve-rest-front" type="SETUP">
<kw name="New Browser" library="Browser">
<tag>BrowserControl</tag>
<tag>Setter</tag>
<doc>Create a new playwright Browser with specified options.</doc>
<msg timestamp="20241006 15:37:59.546" level="INFO">{"browser": "chromium", "headless": true, "devtools": false, "handleSIGHUP": true, "handleSIGINT": true, "handleSIGTERM": true, "slowMo": 0.0, "timeout": 30000.0, "deprecated_pos_args": [], "tracesDir": "/home/manoela/Robot-framework-playwright/results/browser/traces/244bd29c-97f8-44ce-a99c-82448d770bb2"}</msg>
<msg timestamp="20241006 15:38:00.170" level="INFO">Successfully created browser with options: {"browser":"chromium","headless":true,"devtools":false,"handleSIGHUP":true,"handleSIGINT":true,"handleSIGTERM":true,"slowMo":0,"timeout":30000,"deprecated_pos_args":[],"tracesDir":"/home/manoela/Robot-framework-playwright/results/browser/traces/244bd29c-97f8-44ce-a99c-82448d770bb2"}</msg>
<status status="PASS" starttime="20241006 15:37:59.545" endtime="20241006 15:38:00.171"/>
</kw>
<kw name="New Page" library="Browser">
<arg>url=${SITE_SERVE_REST}</arg>
<tag>BrowserControl</tag>
<tag>Setter</tag>
<doc>Open a new Page.</doc>
<msg timestamp="20241006 15:38:02.180" level="INFO">Successfully initialized new page object and opened url: https://front.serverest.dev/</msg>
<msg timestamp="20241006 15:38:02.181" level="INFO">No context was open. New context was automatically opened when this page is created.</msg>
<status status="PASS" starttime="20241006 15:38:00.171" endtime="20241006 15:38:02.181"/>
</kw>
<kw name="Create a new user by API" library="serve-rest-front">
<kw name="Email" library="FakerLibrary">
<var>${EMAIL}</var>
<msg timestamp="20241006 15:38:02.182" level="INFO">${EMAIL} = washingtonkenneth@example.net</msg>
<status status="PASS" starttime="20241006 15:38:02.182" endtime="20241006 15:38:02.182"/>
</kw>
<kw name="Set Suite Variable" library="BuiltIn">
<arg>${EMAIL}</arg>
<doc>Makes a variable available everywhere within the scope of the current suite.</doc>
<msg timestamp="20241006 15:38:02.183" level="INFO">${EMAIL} = washingtonkenneth@example.net</msg>
<status status="PASS" starttime="20241006 15:38:02.182" endtime="20241006 15:38:02.183"/>
</kw>
<kw name="Http" library="Browser">
<var>${resposta}</var>
<arg>url=https://serverest.dev/usuarios</arg>
<arg>method=POST</arg>
<arg>body={"nome": "Maria Aparecida","email": "${EMAIL}","password": "123456","administrador": "true"}</arg>
<tag>HTTP</tag>
<doc>Performs an HTTP request in the current browser context</doc>
<msg timestamp="20241006 15:38:02.714" level="INFO">{'status': 201, 'body': {'message': 'Cadastro realizado com sucesso', '_id': '1nBcZLTKm865tYPF'}, 'headers': {'content-length': '82', 'content-type': 'application/json; charset=utf-8'}, 'type': 'cors', 'statusText': '', 'url': 'https://serverest.dev/usuarios', 'ok': True, 'redirected': False}</msg>
<msg timestamp="20241006 15:38:02.714" level="INFO">${resposta} = {'status': 201, 'body': {'message': 'Cadastro realizado com sucesso', '_id': '1nBcZLTKm865tYPF'}, 'headers': {'content-length': '82', 'content-type': 'application/json; charset=utf-8'}, 'type': 'cors'...</msg>
<status status="PASS" starttime="20241006 15:38:02.183" endtime="20241006 15:38:02.715"/>
</kw>
<kw name="Should Be Equal As Integers" library="BuiltIn">
<arg>${resposta["status"]}</arg>
<arg>201</arg>
<doc>Fails if objects are unequal after converting them to integers.</doc>
<msg timestamp="20241006 15:38:02.715" level="INFO">Argument types are:
&lt;class 'int'&gt;
&lt;class 'str'&gt;</msg>
<status status="PASS" starttime="20241006 15:38:02.715" endtime="20241006 15:38:02.716"/>
</kw>
<status status="PASS" starttime="20241006 15:38:02.181" endtime="20241006 15:38:02.716"/>
</kw>
<kw name="Login with the new user via API" library="serve-rest-front">
<tag>login_with_api</tag>
<kw name="Http" library="Browser">
<var>${resposta}</var>
<arg>url=https://serverest.dev/login</arg>
<arg>method=POST</arg>
<arg>body={"email": "${EMAIL}","password": "123456"}</arg>
<tag>HTTP</tag>
<doc>Performs an HTTP request in the current browser context</doc>
<msg timestamp="20241006 15:38:03.060" level="INFO">{'status': 200, 'body': {'message': 'Login realizado com sucesso', 'authorization': 'Bearer eyJhbGciOiJIUzI1NiIsInR5cCI6IkpXVCJ9.eyJlbWFpbCI6Indhc2hpbmd0b25rZW5uZXRoQGV4YW1wbGUubmV0IiwicGFzc3dvcmQiOiIxMjM0NTYiLCJpYXQiOjE3MjgyMjE4ODIsImV4cCI6MTcyODIyMjQ4Mn0.14LONVVgW_hqnHv-uocOkZHimiyWV25Keoojq5YVIz8'}, 'headers': {'content-length': '288', 'content-type': 'application/json; charset=utf-8'}, 'type': 'cors', 'statusText': '', 'url': 'https://serverest.dev/login', 'ok': True, 'redirected': False}</msg>
<msg timestamp="20241006 15:38:03.061" level="INFO">${resposta} = {'status': 200, 'body': {'message': 'Login realizado com sucesso', 'authorization': 'Bearer eyJhbGciOiJIUzI1NiIsInR5cCI6IkpXVCJ9.eyJlbWFpbCI6Indhc2hpbmd0b25rZW5uZXRoQGV4YW1wbGUubmV0IiwicGFzc3dvcmQiOiI...</msg>
<status status="PASS" starttime="20241006 15:38:02.716" endtime="20241006 15:38:03.061"/>
</kw>
<kw name="Should Be Equal As Integers" library="BuiltIn">
<arg>${resposta["status"]}</arg>
<arg>200</arg>
<doc>Fails if objects are unequal after converting them to integers.</doc>
<msg timestamp="20241006 15:38:03.062" level="INFO">Argument types are:
&lt;class 'int'&gt;
&lt;class 'str'&gt;</msg>
<status status="PASS" starttime="20241006 15:38:03.061" endtime="20241006 15:38:03.062"/>
</kw>
<kw name="LocalStorage Set Item" library="Browser">
<arg>serverest/userEmail</arg>
<arg>${EMAIL}</arg>
<tag>PageContent</tag>
<tag>Setter</tag>
<doc>Save data to the local storage.</doc>
<msg timestamp="20241006 15:38:03.067" level="INFO"/>
<status status="PASS" starttime="20241006 15:38:03.062" endtime="20241006 15:38:03.068"/>
</kw>
<kw name="LocalStorage Set Item" library="Browser">
<arg>serverest/userToken</arg>
<arg>${resposta["body"]["authorization"]}</arg>
<tag>PageContent</tag>
<tag>Setter</tag>
<doc>Save data to the local storage.</doc>
<msg timestamp="20241006 15:38:03.072" level="INFO"/>
<status status="PASS" starttime="20241006 15:38:03.068" endtime="20241006 15:38:03.073"/>
</kw>
<kw name="LocalStorage Set Item" library="Browser">
<arg>serverest/userNome</arg>
<arg>Maria Aparecida</arg>
<tag>PageContent</tag>
<tag>Setter</tag>
<doc>Save data to the local storage.</doc>
<msg timestamp="20241006 15:38:03.077" level="INFO"/>
<status status="PASS" starttime="20241006 15:38:03.073" endtime="20241006 15:38:03.077"/>
</kw>
<kw name="Go To" library="Browser">
<arg>url=https://front.serverest.dev/admin/home</arg>
<tag>BrowserControl</tag>
<tag>Setter</tag>
<doc>Navigates to the given ``url``.</doc>
<msg timestamp="20241006 15:38:04.847" level="INFO">Successfully opened URL https://front.serverest.dev/admin/home</msg>
<status status="PASS" starttime="20241006 15:38:03.077" endtime="20241006 15:38:04.847"/>
</kw>
<kw name="Take Screenshot" library="Browser">
<tag>PageContent</tag>
<doc>Takes a screenshot of the current window or element and saves it to disk.</doc>
<msg timestamp="20241006 15:38:05.022" level="INFO" html="true">&lt;/td&gt;&lt;/tr&gt;&lt;tr&gt;&lt;td colspan="3"&gt;&lt;a href="browser/screenshot/robotframework-browser-screenshot-1.png" target="_blank"&gt;&lt;img src="browser/screenshot/robotframework-browser-screenshot-1.png" width="800px"/&gt;&lt;/a&gt;</msg>
<status status="PASS" starttime="20241006 15:38:04.848" endtime="20241006 15:38:05.022"/>
</kw>
<status status="PASS" starttime="20241006 15:38:02.716" endtime="20241006 15:38:05.022"/>
</kw>
<kw name="Save Storage State" library="Browser">
<var>${STORAGE_FILE}</var>
<tag>BrowserControl</tag>
<tag>Getter</tag>
<doc>Saves the current active context storage state to a file.</doc>
<msg timestamp="20241006 15:38:05.070" level="INFO">Current context state is saved to: /home/manoela/Robot-framework-playwright/results/browser/state/c023741a-b018-48a9-adf4-2d8744cf8d83.json</msg>
<msg timestamp="20241006 15:38:05.070" level="INFO">${STORAGE_FILE} = /home/manoela/Robot-framework-playwright/results/browser/state/c023741a-b018-48a9-adf4-2d8744cf8d83.json</msg>
<status status="PASS" starttime="20241006 15:38:05.022" endtime="20241006 15:38:05.070"/>
</kw>
<kw name="Set Suite Variable" library="BuiltIn">
<arg>${STORAGE_FILE}</arg>
<doc>Makes a variable available everywhere within the scope of the current suite.</doc>
<msg timestamp="20241006 15:38:05.071" level="INFO">${STORAGE_FILE} = /home/manoela/Robot-framework-playwright/results/browser/state/c023741a-b018-48a9-adf4-2d8744cf8d83.json</msg>
<status status="PASS" starttime="20241006 15:38:05.071" endtime="20241006 15:38:05.071"/>
</kw>
<status status="PASS" starttime="20241006 15:37:59.545" endtime="20241006 15:38:05.071"/>
</kw>
<test id="s1-s1-s1-t1" name="Login com sucesso Serve Rest Front" line="8">
<kw name="Open Navigator" library="serve-rest-front">
<kw name="New Browser" library="Browser">
<arg>browser=${BROWSER}</arg>
<arg>headless=${HEADLESS}</arg>
<tag>BrowserControl</tag>
<tag>Setter</tag>
<doc>Create a new playwright Browser with specified options.</doc>
<msg timestamp="20241006 15:38:05.077" level="INFO">{"browser": "webkit", "headless": true, "devtools": false, "handleSIGHUP": true, "handleSIGINT": true, "handleSIGTERM": true, "slowMo": 0.0, "timeout": 30000.0, "deprecated_pos_args": [], "tracesDir": "/home/manoela/Robot-framework-playwright/results/browser/traces/b45e994d-5682-4195-b9d3-66b83c3c8069"}</msg>
<msg timestamp="20241006 15:38:05.690" level="INFO">Successfully created browser with options: {"browser":"webkit","headless":true,"devtools":false,"handleSIGHUP":true,"handleSIGINT":true,"handleSIGTERM":true,"slowMo":0,"timeout":30000,"deprecated_pos_args":[],"tracesDir":"/home/manoela/Robot-framework-playwright/results/browser/traces/b45e994d-5682-4195-b9d3-66b83c3c8069"}</msg>
<status status="PASS" starttime="20241006 15:38:05.077" endtime="20241006 15:38:05.690"/>
</kw>
<kw name="Uuid 4" library="FakerLibrary">
<var>${TRACE_NAME}</var>
<doc>Generate a random UUID4 object and cast it to another type if specified using a callable ``cast_to``.</doc>
<msg timestamp="20241006 15:38:05.691" level="INFO">${TRACE_NAME} = 7f61f42a-be72-4f9a-ba18-9c8e7184443a</msg>
<status status="PASS" starttime="20241006 15:38:05.690" endtime="20241006 15:38:05.691"/>
</kw>
<kw name="Get Current Date" library="DateTime">
<var>${NOW}</var>
<arg>result_format=%d-%m-%Y_%H%M%S</arg>
<doc>Returns current local or UTC time with an optional increment.</doc>
<msg timestamp="20241006 15:38:05.691" level="INFO">${NOW} = 06-10-2024_153805</msg>
<status status="PASS" starttime="20241006 15:38:05.691" endtime="20241006 15:38:05.691"/>
</kw>
<kw name="New Context" library="Browser">
<arg>viewport={'width': 1200, 'height': 800}</arg>
<tag>BrowserControl</tag>
<tag>Setter</tag>
<doc>Create a new BrowserContext with specified options.</doc>
<msg timestamp="20241006 15:38:05.692" level="INFO">{
  "acceptDownloads": true,
  "bypassCSP": false,
  "forcedColors": "none",
  "hideRfBrowser": false,
  "ignoreHTTPSErrors": false,
  "javaScriptEnabled": true,
  "offline": false,
  "reducedMotion": "no-preference",
  "viewport": {
    "height": 800,
    "width": 1200
  },
  "deprecated_pos_args": []
}</msg>
<msg timestamp="20241006 15:38:05.721" level="INFO">Successfully created context. </msg>
<msg timestamp="20241006 15:38:05.721" level="INFO">{'acceptDownloads': True, 'bypassCSP': False, 'forcedColors': 'none', 'hideRfBrowser': False, 'ignoreHTTPSErrors': False, 'javaScriptEnabled': True, 'offline': False, 'reducedMotion': 'no-preference', 'viewport': {'height': 800, 'width': 1200}, 'deprecated_pos_args': []}</msg>
<status status="PASS" starttime="20241006 15:38:05.691" endtime="20241006 15:38:05.721"/>
</kw>
<status status="PASS" starttime="20241006 15:38:05.076" endtime="20241006 15:38:05.722"/>
</kw>
<kw name="Go to Serve Rest Front website" library="serve-rest-front">
<kw name="New Page" library="Browser">
<arg>url=${SITE_SERVE_REST}</arg>
<tag>BrowserControl</tag>
<tag>Setter</tag>
<doc>Open a new Page.</doc>
<msg timestamp="20241006 15:38:09.672" level="INFO">Successfully initialized new page object and opened url: https://front.serverest.dev/</msg>
<status status="PASS" starttime="20241006 15:38:05.723" endtime="20241006 15:38:09.673"/>
</kw>
<kw name="Get Title" library="Browser">
<var>${title}</var>
<arg>==</arg>
<arg>Front - ServeRest</arg>
<tag>Assertion</tag>
<tag>Getter</tag>
<tag>PageContent</tag>
<doc>Returns the title of the current page.</doc>
<msg timestamp="20241006 15:38:09.708" level="INFO">Title: 'Front - ServeRest'</msg>
<msg timestamp="20241006 15:38:09.708" level="INFO">${title} = Front - ServeRest</msg>
<status status="PASS" starttime="20241006 15:38:09.673" endtime="20241006 15:38:09.708"/>
</kw>
<kw name="Log" library="BuiltIn">
<arg>${title}</arg>
<doc>Logs the given message with the given level.</doc>
<msg timestamp="20241006 15:38:09.709" level="INFO">Front - ServeRest</msg>
<status status="PASS" starttime="20241006 15:38:09.709" endtime="20241006 15:38:09.710"/>
</kw>
<status status="PASS" starttime="20241006 15:38:05.722" endtime="20241006 15:38:09.710"/>
</kw>
<kw name="Signup a user" library="serve-rest-front">
<kw name="Click" library="Browser">
<arg>css=a[data-testid='cadastrar']</arg>
<tag>PageContent</tag>
<tag>Setter</tag>
<doc>Simulates mouse click on the element found by ``selector``.</doc>
<status status="PASS" starttime="20241006 15:38:09.710" endtime="20241006 15:38:09.778"/>
</kw>
<kw name="Email" library="FakerLibrary">
<var>${EMAIL}</var>
<msg timestamp="20241006 15:38:09.780" level="INFO">${EMAIL} = crawfordcory@example.net</msg>
<status status="PASS" starttime="20241006 15:38:09.779" endtime="20241006 15:38:09.781"/>
</kw>
<kw name="Set Suite Variable" library="BuiltIn">
<arg>${EMAIL}</arg>
<doc>Makes a variable available everywhere within the scope of the current suite.</doc>
<msg timestamp="20241006 15:38:09.781" level="INFO">${EMAIL} = crawfordcory@example.net</msg>
<status status="PASS" starttime="20241006 15:38:09.781" endtime="20241006 15:38:09.781"/>
</kw>
<kw name="Fill Text" library="Browser">
<arg>css=input[data-testid='nome']</arg>
<arg>Maria Aparecida</arg>
<tag>PageContent</tag>
<tag>Setter</tag>
<doc>Clears and fills the given ``txt`` into the text field found by ``selector``.</doc>
<msg timestamp="20241006 15:38:09.782" level="INFO">Fills the text 'Maria Aparecida' in the given field.</msg>
<status status="PASS" starttime="20241006 15:38:09.782" endtime="20241006 15:38:09.803"/>
</kw>
<kw name="Fill Text" library="Browser">
<arg>css=input[data-testid='email']</arg>
<arg>${EMAIL}</arg>
<tag>PageContent</tag>
<tag>Setter</tag>
<doc>Clears and fills the given ``txt`` into the text field found by ``selector``.</doc>
<msg timestamp="20241006 15:38:09.804" level="INFO">Fills the text 'crawfordcory@example.net' in the given field.</msg>
<status status="PASS" starttime="20241006 15:38:09.803" endtime="20241006 15:38:09.821"/>
</kw>
<kw name="Fill Text" library="Browser">
<arg>css=input[data-testid='password']</arg>
<arg>123456</arg>
<tag>PageContent</tag>
<tag>Setter</tag>
<doc>Clears and fills the given ``txt`` into the text field found by ``selector``.</doc>
<msg timestamp="20241006 15:38:09.822" level="INFO">Fills the text '123456' in the given field.</msg>
<status status="PASS" starttime="20241006 15:38:09.821" endtime="20241006 15:38:09.837"/>
</kw>
<kw name="Check Checkbox" library="Browser">
<arg>css=input[data-testid='checkbox']</arg>
<tag>PageContent</tag>
<tag>Setter</tag>
<doc>Checks the checkbox or selects radio button found by ``selector``.</doc>
<status status="PASS" starttime="20241006 15:38:09.837" endtime="20241006 15:38:09.883"/>
</kw>
<kw name="Click" library="Browser">
<arg>xpath=//*[@id="root"]//button &gt;&gt; text="Cadastrar"</arg>
<tag>PageContent</tag>
<tag>Setter</tag>
<doc>Simulates mouse click on the element found by ``selector``.</doc>
<status status="PASS" starttime="20241006 15:38:09.883" endtime="20241006 15:38:09.968"/>
</kw>
<status status="PASS" starttime="20241006 15:38:09.710" endtime="20241006 15:38:09.968"/>
</kw>
<kw name="Check if the user was created" library="serve-rest-front">
<kw name="Wait For Elements State" library="Browser">
<arg>h1</arg>
<arg>visible</arg>
<tag>PageContent</tag>
<tag>Wait</tag>
<doc>Waits for the element found by ``selector`` to satisfy state option.</doc>
<msg timestamp="20241006 15:38:13.780" level="INFO">Waited for Element with selector h1 at state visible</msg>
<status status="PASS" starttime="20241006 15:38:09.969" endtime="20241006 15:38:13.781"/>
</kw>
<kw name="Get Text" library="Browser">
<arg>h1</arg>
<arg>==</arg>
<arg>Bem Vindo Maria Aparecida</arg>
<tag>Assertion</tag>
<tag>Getter</tag>
<tag>PageContent</tag>
<doc>Returns text attribute of the element found by ``selector``.</doc>
<msg timestamp="20241006 15:38:13.800" level="INFO">Text: 'Bem Vindo Maria Aparecida'</msg>
<status status="PASS" starttime="20241006 15:38:13.781" endtime="20241006 15:38:13.800"/>
</kw>
<kw name="Get Element States" library="Browser">
<arg>css=button[data-testid='logout']</arg>
<arg>validate</arg>
<arg>value &amp; visible</arg>
<tag>Assertion</tag>
<tag>Getter</tag>
<tag>PageContent</tag>
<doc>Get the active states from the element found by ``selector``.</doc>
<msg timestamp="20241006 15:38:13.821" level="INFO">States are: ['attached', 'visible', 'enabled', 'editable', 'defocused']</msg>
<status status="PASS" starttime="20241006 15:38:13.801" endtime="20241006 15:38:13.821"/>
</kw>
<status status="PASS" starttime="20241006 15:38:09.968" endtime="20241006 15:38:13.821"/>
</kw>
<status status="PASS" starttime="20241006 15:38:05.071" endtime="20241006 15:38:13.822"/>
</test>
<test id="s1-s1-s1-t2" name="Check if the new user is in the userlist" line="14">
<kw name="Open the Site Serve Rest Front login" library="serve-rest-front">
<tag>open_server_rest_loging</tag>
<kw name="New Browser" library="Browser">
<arg>browser=${BROWSER}</arg>
<arg>headless=${HEADLESS}</arg>
<tag>BrowserControl</tag>
<tag>Setter</tag>
<doc>Create a new playwright Browser with specified options.</doc>
<msg timestamp="20241006 15:38:13.857" level="INFO">Switching browser to browser=fc4b0cce-573f-42aa-98cf-6763090d342a</msg>
<msg timestamp="20241006 15:38:13.859" level="INFO">Successfully changed active browser</msg>
<msg timestamp="20241006 15:38:13.860" level="INFO">Reusing existing browser with id: browser=fc4b0cce-573f-42aa-98cf-6763090d342a</msg>
<status status="PASS" starttime="20241006 15:38:13.857" endtime="20241006 15:38:13.860"/>
</kw>
<kw name="New Context" library="Browser">
<arg>viewport={'width': 1200, 'height': 800}</arg>
<arg>storageState=${STORAGE_FILE}</arg>
<tag>BrowserControl</tag>
<tag>Setter</tag>
<doc>Create a new BrowserContext with specified options.</doc>
<msg timestamp="20241006 15:38:13.863" level="INFO">{
  "acceptDownloads": true,
  "bypassCSP": false,
  "forcedColors": "none",
  "hideRfBrowser": false,
  "ignoreHTTPSErrors": false,
  "javaScriptEnabled": true,
  "offline": false,
  "reducedMotion": "no-preference",
  "storageState": "/home/manoela/Robot-framework-playwright/results/browser/state/c023741a-b018-48a9-adf4-2d8744cf8d83.json",
  "viewport": {
    "height": 800,
    "width": 1200
  },
  "deprecated_pos_args": []
}</msg>
<msg timestamp="20241006 15:38:14.157" level="INFO">Successfully created context. </msg>
<msg timestamp="20241006 15:38:14.157" level="INFO">{'acceptDownloads': True, 'bypassCSP': False, 'forcedColors': 'none', 'hideRfBrowser': False, 'ignoreHTTPSErrors': False, 'javaScriptEnabled': True, 'offline': False, 'reducedMotion': 'no-preference', 'storageState': '/home/manoela/Robot-framework-playwright/results/browser/state/c023741a-b018-48a9-adf4-2d8744cf8d83.json', 'viewport': {'height': 800, 'width': 1200}, 'deprecated_pos_args': []}</msg>
<status status="PASS" starttime="20241006 15:38:13.860" endtime="20241006 15:38:14.158"/>
</kw>
<kw name="New Page" library="Browser">
<arg>url=https://front.serverest.dev/admin/home</arg>
<tag>BrowserControl</tag>
<tag>Setter</tag>
<doc>Open a new Page.</doc>
<msg timestamp="20241006 15:38:16.472" level="INFO">Successfully initialized new page object and opened url: https://front.serverest.dev/admin/home</msg>
<status status="PASS" starttime="20241006 15:38:14.158" endtime="20241006 15:38:16.472"/>
</kw>
<kw name="Get Text" library="Browser">
<arg>h1</arg>
<arg>==</arg>
<arg>Bem Vindo Maria Aparecida</arg>
<tag>Assertion</tag>
<tag>Getter</tag>
<tag>PageContent</tag>
<doc>Returns text attribute of the element found by ``selector``.</doc>
<msg timestamp="20241006 15:38:16.522" level="INFO">Text: 'Bem Vindo Maria Aparecida'</msg>
<status status="PASS" starttime="20241006 15:38:16.472" endtime="20241006 15:38:16.522"/>
</kw>
<kw name="Take Screenshot" library="Browser">
<tag>PageContent</tag>
<doc>Takes a screenshot of the current window or element and saves it to disk.</doc>
<msg timestamp="20241006 15:38:16.572" level="INFO" html="true">&lt;/td&gt;&lt;/tr&gt;&lt;tr&gt;&lt;td colspan="3"&gt;&lt;a href="browser/screenshot/robotframework-browser-screenshot-2.png" target="_blank"&gt;&lt;img src="browser/screenshot/robotframework-browser-screenshot-2.png" width="800px"/&gt;&lt;/a&gt;</msg>
<status status="PASS" starttime="20241006 15:38:16.522" endtime="20241006 15:38:16.573"/>
</kw>
<status status="PASS" starttime="20241006 15:38:13.856" endtime="20241006 15:38:16.573"/>
</kw>
<kw name="Get user list" library="serve-rest-front">
<kw name="Click" library="Browser">
<arg>css=a[data-testid='listarUsuarios']</arg>
<tag>PageContent</tag>
<tag>Setter</tag>
<doc>Simulates mouse click on the element found by ``selector``.</doc>
<status status="PASS" starttime="20241006 15:38:16.574" endtime="20241006 15:38:16.644"/>
</kw>
<status status="PASS" starttime="20241006 15:38:16.574" endtime="20241006 15:38:16.645"/>
</kw>
<kw name="Check if there is the an user in a list" library="serve-rest-front">
<kw name="Get Table Cell Element" library="Browser">
<var>${elemento}</var>
<arg>css=table</arg>
<arg>"Nome"</arg>
<arg>"${EMAIL}"</arg>
<tag>Getter</tag>
<tag>PageContent</tag>
<doc>Returns the Web Element that has the same column index and same row index as the selected elements.</doc>
<msg timestamp="20241006 15:38:17.489" level="INFO">Locator found successfully.</msg>
<msg timestamp="20241006 15:38:17.489" level="INFO">${elemento} = element=106f9953-0938-4523-a69e-7cfdbcee6833</msg>
<status status="PASS" starttime="20241006 15:38:16.646" endtime="20241006 15:38:17.489"/>
</kw>
<kw name="Get Text" library="Browser">
<var>${usuario_nome}</var>
<arg>${elemento}</arg>
<arg>==</arg>
<arg>Maria Aparecida</arg>
<tag>Assertion</tag>
<tag>Getter</tag>
<tag>PageContent</tag>
<doc>Returns text attribute of the element found by ``selector``.</doc>
<msg timestamp="20241006 15:38:17.502" level="INFO">Text: 'Maria Aparecida'</msg>
<msg timestamp="20241006 15:38:17.502" level="INFO">${usuario_nome} = Maria Aparecida</msg>
<status status="PASS" starttime="20241006 15:38:17.490" endtime="20241006 15:38:17.502"/>
</kw>
<kw name="Highlight Elements" library="Browser">
<arg>${elemento}</arg>
<tag>PageContent</tag>
<tag>Setter</tag>
<doc>Adds a highlight to elements matched by the ``selector``. Provides a style adjustment.</doc>
<msg timestamp="20241006 15:38:17.513" level="INFO">Highlighted 1 elements for 5000.</msg>
<status status="PASS" starttime="20241006 15:38:17.502" endtime="20241006 15:38:17.513"/>
</kw>
<kw name="Take Screenshot" library="Browser">
<arg>fullPage=${true}</arg>
<tag>PageContent</tag>
<doc>Takes a screenshot of the current window or element and saves it to disk.</doc>
<msg timestamp="20241006 15:38:17.713" level="INFO" html="true">&lt;/td&gt;&lt;/tr&gt;&lt;tr&gt;&lt;td colspan="3"&gt;&lt;a href="browser/screenshot/robotframework-browser-screenshot-3.png" target="_blank"&gt;&lt;img src="browser/screenshot/robotframework-browser-screenshot-3.png" width="800px"/&gt;&lt;/a&gt;</msg>
<status status="PASS" starttime="20241006 15:38:17.513" endtime="20241006 15:38:17.713"/>
</kw>
<status status="PASS" starttime="20241006 15:38:16.645" endtime="20241006 15:38:17.713"/>
</kw>
<status status="PASS" starttime="20241006 15:38:13.851" endtime="20241006 15:38:17.714"/>
</test>
<test id="s1-s1-s1-t3" name="Create product and get in the list" line="19">
<kw name="Open the Site Serve Rest Front login" library="serve-rest-front">
<tag>open_server_rest_loging</tag>
<kw name="New Browser" library="Browser">
<arg>browser=${BROWSER}</arg>
<arg>headless=${HEADLESS}</arg>
<tag>BrowserControl</tag>
<tag>Setter</tag>
<doc>Create a new playwright Browser with specified options.</doc>
<msg timestamp="20241006 15:38:17.760" level="INFO">Switching browser to browser=fc4b0cce-573f-42aa-98cf-6763090d342a</msg>
<msg timestamp="20241006 15:38:17.762" level="INFO">Successfully changed active browser</msg>
<msg timestamp="20241006 15:38:17.763" level="INFO">Reusing existing browser with id: browser=fc4b0cce-573f-42aa-98cf-6763090d342a</msg>
<status status="PASS" starttime="20241006 15:38:17.759" endtime="20241006 15:38:17.763"/>
</kw>
<kw name="New Context" library="Browser">
<arg>viewport={'width': 1200, 'height': 800}</arg>
<arg>storageState=${STORAGE_FILE}</arg>
<tag>BrowserControl</tag>
<tag>Setter</tag>
<doc>Create a new BrowserContext with specified options.</doc>
<msg timestamp="20241006 15:38:17.764" level="INFO">{
  "acceptDownloads": true,
  "bypassCSP": false,
  "forcedColors": "none",
  "hideRfBrowser": false,
  "ignoreHTTPSErrors": false,
  "javaScriptEnabled": true,
  "offline": false,
  "reducedMotion": "no-preference",
  "storageState": "/home/manoela/Robot-framework-playwright/results/browser/state/c023741a-b018-48a9-adf4-2d8744cf8d83.json",
  "viewport": {
    "height": 800,
    "width": 1200
  },
  "deprecated_pos_args": []
}</msg>
<msg timestamp="20241006 15:38:18.052" level="INFO">Successfully created context. </msg>
<msg timestamp="20241006 15:38:18.053" level="INFO">{'acceptDownloads': True, 'bypassCSP': False, 'forcedColors': 'none', 'hideRfBrowser': False, 'ignoreHTTPSErrors': False, 'javaScriptEnabled': True, 'offline': False, 'reducedMotion': 'no-preference', 'storageState': '/home/manoela/Robot-framework-playwright/results/browser/state/c023741a-b018-48a9-adf4-2d8744cf8d83.json', 'viewport': {'height': 800, 'width': 1200}, 'deprecated_pos_args': []}</msg>
<status status="PASS" starttime="20241006 15:38:17.763" endtime="20241006 15:38:18.053"/>
</kw>
<kw name="New Page" library="Browser">
<arg>url=https://front.serverest.dev/admin/home</arg>
<tag>BrowserControl</tag>
<tag>Setter</tag>
<doc>Open a new Page.</doc>
<msg timestamp="20241006 15:38:20.334" level="INFO">Successfully initialized new page object and opened url: https://front.serverest.dev/admin/home</msg>
<status status="PASS" starttime="20241006 15:38:18.053" endtime="20241006 15:38:20.335"/>
</kw>
<kw name="Get Text" library="Browser">
<arg>h1</arg>
<arg>==</arg>
<arg>Bem Vindo Maria Aparecida</arg>
<tag>Assertion</tag>
<tag>Getter</tag>
<tag>PageContent</tag>
<doc>Returns text attribute of the element found by ``selector``.</doc>
<msg timestamp="20241006 15:38:20.376" level="INFO">Text: 'Bem Vindo Maria Aparecida'</msg>
<status status="PASS" starttime="20241006 15:38:20.335" endtime="20241006 15:38:20.376"/>
</kw>
<kw name="Take Screenshot" library="Browser">
<tag>PageContent</tag>
<doc>Takes a screenshot of the current window or element and saves it to disk.</doc>
<msg timestamp="20241006 15:38:20.420" level="INFO" html="true">&lt;/td&gt;&lt;/tr&gt;&lt;tr&gt;&lt;td colspan="3"&gt;&lt;a href="browser/screenshot/robotframework-browser-screenshot-4.png" target="_blank"&gt;&lt;img src="browser/screenshot/robotframework-browser-screenshot-4.png" width="800px"/&gt;&lt;/a&gt;</msg>
<status status="PASS" starttime="20241006 15:38:20.377" endtime="20241006 15:38:20.421"/>
</kw>
<status status="PASS" starttime="20241006 15:38:17.759" endtime="20241006 15:38:20.421"/>
</kw>
<kw name="Register a new product" library="serve-rest-front">
<kw name="Click" library="Browser">
<arg>css=a[data-testid='cadastrarProdutos']</arg>
<tag>PageContent</tag>
<tag>Setter</tag>
<doc>Simulates mouse click on the element found by ``selector``.</doc>
<status status="PASS" starttime="20241006 15:38:20.422" endtime="20241006 15:38:20.479"/>
</kw>
<kw name="Word" library="FakerLibrary">
<var>${NOME_PRODUTO}</var>
<doc>Generate a word.</doc>
<msg timestamp="20241006 15:38:20.480" level="INFO">${NOME_PRODUTO} = moment</msg>
<status status="PASS" starttime="20241006 15:38:20.480" endtime="20241006 15:38:20.481"/>
</kw>
<kw name="Set Test Variable" library="BuiltIn">
<arg>${NOME_PRODUTO}</arg>
<doc>Makes a variable available everywhere within the scope of the current test.</doc>
<msg timestamp="20241006 15:38:20.481" level="INFO">${NOME_PRODUTO} = moment</msg>
<status status="PASS" starttime="20241006 15:38:20.481" endtime="20241006 15:38:20.481"/>
</kw>
<kw name="Fill Text" library="Browser">
<arg>css=input[data-testid='nome']</arg>
<arg>${NOME_PRODUTO}</arg>
<tag>PageContent</tag>
<tag>Setter</tag>
<doc>Clears and fills the given ``txt`` into the text field found by ``selector``.</doc>
<msg timestamp="20241006 15:38:20.482" level="INFO">Fills the text 'moment' in the given field.</msg>
<status status="PASS" starttime="20241006 15:38:20.481" endtime="20241006 15:38:20.501"/>
</kw>
<kw name="Fill Text" library="Browser">
<arg>css=input[data-testid='preco']</arg>
<arg>10</arg>
<tag>PageContent</tag>
<tag>Setter</tag>
<doc>Clears and fills the given ``txt`` into the text field found by ``selector``.</doc>
<msg timestamp="20241006 15:38:20.501" level="INFO">Fills the text '10' in the given field.</msg>
<status status="PASS" starttime="20241006 15:38:20.501" endtime="20241006 15:38:20.525"/>
</kw>
<kw name="Fill Text" library="Browser">
<arg>css=textarea[data-testid='descricao']</arg>
<arg>Produto Teste Robot Framework</arg>
<tag>PageContent</tag>
<tag>Setter</tag>
<doc>Clears and fills the given ``txt`` into the text field found by ``selector``.</doc>
<msg timestamp="20241006 15:38:20.525" level="INFO">Fills the text 'Produto Teste Robot Framework' in the given field.</msg>
<status status="PASS" starttime="20241006 15:38:20.525" endtime="20241006 15:38:20.540"/>
</kw>
<kw name="Fill Text" library="Browser">
<arg>css=input[data-testid='quantity']</arg>
<arg>5</arg>
<tag>PageContent</tag>
<tag>Setter</tag>
<doc>Clears and fills the given ``txt`` into the text field found by ``selector``.</doc>
<msg timestamp="20241006 15:38:20.541" level="INFO">Fills the text '5' in the given field.</msg>
<status status="PASS" starttime="20241006 15:38:20.540" endtime="20241006 15:38:20.557"/>
</kw>
<kw name="Click" library="Browser">
<arg>text="Cadastrar"</arg>
<tag>PageContent</tag>
<tag>Setter</tag>
<doc>Simulates mouse click on the element found by ``selector``.</doc>
<status status="PASS" starttime="20241006 15:38:20.558" endtime="20241006 15:38:20.596"/>
</kw>
<status status="PASS" starttime="20241006 15:38:20.422" endtime="20241006 15:38:20.597"/>
</kw>
<kw name="Check if there is the product in the product list" library="serve-rest-front">
<kw name="Get Table Cell Element" library="Browser">
<var>${elemento}</var>
<arg>css=table</arg>
<arg>"Descrição"</arg>
<arg>"${NOME_PRODUTO}"</arg>
<tag>Getter</tag>
<tag>PageContent</tag>
<doc>Returns the Web Element that has the same column index and same row index as the selected elements.</doc>
<msg timestamp="20241006 15:38:21.509" level="INFO">Locator found successfully.</msg>
<msg timestamp="20241006 15:38:21.510" level="INFO">${elemento} = element=0b8581eb-0046-42d6-849b-b8f80d345f25</msg>
<status status="PASS" starttime="20241006 15:38:20.597" endtime="20241006 15:38:21.510"/>
</kw>
<kw name="Get Text" library="Browser">
<var>${descricao}</var>
<arg>${elemento}</arg>
<arg>==</arg>
<arg>Produto Teste Robot Framework</arg>
<tag>Assertion</tag>
<tag>Getter</tag>
<tag>PageContent</tag>
<doc>Returns text attribute of the element found by ``selector``.</doc>
<msg timestamp="20241006 15:38:21.523" level="INFO">Text: 'Produto Teste Robot Framework'</msg>
<msg timestamp="20241006 15:38:21.524" level="INFO">${descricao} = Produto Teste Robot Framework</msg>
<status status="PASS" starttime="20241006 15:38:21.510" endtime="20241006 15:38:21.524"/>
</kw>
<kw name="Highlight Elements" library="Browser">
<arg>${elemento}</arg>
<tag>PageContent</tag>
<tag>Setter</tag>
<doc>Adds a highlight to elements matched by the ``selector``. Provides a style adjustment.</doc>
<msg timestamp="20241006 15:38:21.532" level="INFO">Highlighted 1 elements for 5000.</msg>
<status status="PASS" starttime="20241006 15:38:21.524" endtime="20241006 15:38:21.533"/>
</kw>
<kw name="Take Screenshot" library="Browser">
<arg>fullPage=${true}</arg>
<tag>PageContent</tag>
<doc>Takes a screenshot of the current window or element and saves it to disk.</doc>
<msg timestamp="20241006 15:38:21.758" level="INFO" html="true">&lt;/td&gt;&lt;/tr&gt;&lt;tr&gt;&lt;td colspan="3"&gt;&lt;a href="browser/screenshot/robotframework-browser-screenshot-5.png" target="_blank"&gt;&lt;img src="browser/screenshot/robotframework-browser-screenshot-5.png" width="800px"/&gt;&lt;/a&gt;</msg>
<status status="PASS" starttime="20241006 15:38:21.533" endtime="20241006 15:38:21.758"/>
</kw>
<status status="PASS" starttime="20241006 15:38:20.597" endtime="20241006 15:38:21.759"/>
</kw>
<status status="PASS" starttime="20241006 15:38:17.754" endtime="20241006 15:38:21.759"/>
</test>
<test id="s1-s1-s1-t4" name="Creating new user using HTTP requests" line="24">
<kw name="Open Navigator" library="serve-rest-front">
<kw name="New Browser" library="Browser">
<arg>browser=${BROWSER}</arg>
<arg>headless=${HEADLESS}</arg>
<tag>BrowserControl</tag>
<tag>Setter</tag>
<doc>Create a new playwright Browser with specified options.</doc>
<msg timestamp="20241006 15:38:21.802" level="INFO">Switching browser to browser=fc4b0cce-573f-42aa-98cf-6763090d342a</msg>
<msg timestamp="20241006 15:38:21.804" level="INFO">Successfully changed active browser</msg>
<msg timestamp="20241006 15:38:21.804" level="INFO">Reusing existing browser with id: browser=fc4b0cce-573f-42aa-98cf-6763090d342a</msg>
<status status="PASS" starttime="20241006 15:38:21.801" endtime="20241006 15:38:21.804"/>
</kw>
<kw name="Uuid 4" library="FakerLibrary">
<var>${TRACE_NAME}</var>
<doc>Generate a random UUID4 object and cast it to another type if specified using a callable ``cast_to``.</doc>
<msg timestamp="20241006 15:38:21.805" level="INFO">${TRACE_NAME} = d7e33cfe-15f4-44e4-aa89-de59e953b431</msg>
<status status="PASS" starttime="20241006 15:38:21.805" endtime="20241006 15:38:21.805"/>
</kw>
<kw name="Get Current Date" library="DateTime">
<var>${NOW}</var>
<arg>result_format=%d-%m-%Y_%H%M%S</arg>
<doc>Returns current local or UTC time with an optional increment.</doc>
<msg timestamp="20241006 15:38:21.806" level="INFO">${NOW} = 06-10-2024_153821</msg>
<status status="PASS" starttime="20241006 15:38:21.805" endtime="20241006 15:38:21.806"/>
</kw>
<kw name="New Context" library="Browser">
<arg>viewport={'width': 1200, 'height': 800}</arg>
<tag>BrowserControl</tag>
<tag>Setter</tag>
<doc>Create a new BrowserContext with specified options.</doc>
<msg timestamp="20241006 15:38:21.806" level="INFO">{
  "acceptDownloads": true,
  "bypassCSP": false,
  "forcedColors": "none",
  "hideRfBrowser": false,
  "ignoreHTTPSErrors": false,
  "javaScriptEnabled": true,
  "offline": false,
  "reducedMotion": "no-preference",
  "viewport": {
    "height": 800,
    "width": 1200
  },
  "deprecated_pos_args": []
}</msg>
<msg timestamp="20241006 15:38:21.811" level="INFO">Successfully created context. </msg>
<msg timestamp="20241006 15:38:21.811" level="INFO">{'acceptDownloads': True, 'bypassCSP': False, 'forcedColors': 'none', 'hideRfBrowser': False, 'ignoreHTTPSErrors': False, 'javaScriptEnabled': True, 'offline': False, 'reducedMotion': 'no-preference', 'viewport': {'height': 800, 'width': 1200}, 'deprecated_pos_args': []}</msg>
<status status="PASS" starttime="20241006 15:38:21.806" endtime="20241006 15:38:21.812"/>
</kw>
<status status="PASS" starttime="20241006 15:38:21.801" endtime="20241006 15:38:21.812"/>
</kw>
<kw name="Go to Serve Rest Front website" library="serve-rest-front">
<kw name="New Page" library="Browser">
<arg>url=${SITE_SERVE_REST}</arg>
<tag>BrowserControl</tag>
<tag>Setter</tag>
<doc>Open a new Page.</doc>
<msg timestamp="20241006 15:38:23.941" level="INFO">Successfully initialized new page object and opened url: https://front.serverest.dev/</msg>
<status status="PASS" starttime="20241006 15:38:21.813" endtime="20241006 15:38:23.942"/>
</kw>
<kw name="Get Title" library="Browser">
<var>${title}</var>
<arg>==</arg>
<arg>Front - ServeRest</arg>
<tag>Assertion</tag>
<tag>Getter</tag>
<tag>PageContent</tag>
<doc>Returns the title of the current page.</doc>
<msg timestamp="20241006 15:38:23.948" level="INFO">Title: 'Front - ServeRest'</msg>
<msg timestamp="20241006 15:38:23.948" level="INFO">${title} = Front - ServeRest</msg>
<status status="PASS" starttime="20241006 15:38:23.942" endtime="20241006 15:38:23.948"/>
</kw>
<kw name="Log" library="BuiltIn">
<arg>${title}</arg>
<doc>Logs the given message with the given level.</doc>
<msg timestamp="20241006 15:38:23.949" level="INFO">Front - ServeRest</msg>
<status status="PASS" starttime="20241006 15:38:23.949" endtime="20241006 15:38:23.949"/>
</kw>
<status status="PASS" starttime="20241006 15:38:21.813" endtime="20241006 15:38:23.949"/>
</kw>
<kw name="Create a new user by API" library="serve-rest-front">
<kw name="Email" library="FakerLibrary">
<var>${EMAIL}</var>
<msg timestamp="20241006 15:38:23.950" level="INFO">${EMAIL} = glewis@example.net</msg>
<status status="PASS" starttime="20241006 15:38:23.950" endtime="20241006 15:38:23.951"/>
</kw>
<kw name="Set Suite Variable" library="BuiltIn">
<arg>${EMAIL}</arg>
<doc>Makes a variable available everywhere within the scope of the current suite.</doc>
<msg timestamp="20241006 15:38:23.951" level="INFO">${EMAIL} = glewis@example.net</msg>
<status status="PASS" starttime="20241006 15:38:23.951" endtime="20241006 15:38:23.951"/>
</kw>
<kw name="Http" library="Browser">
<var>${resposta}</var>
<arg>url=https://serverest.dev/usuarios</arg>
<arg>method=POST</arg>
<arg>body={"nome": "Maria Aparecida","email": "${EMAIL}","password": "123456","administrador": "true"}</arg>
<tag>HTTP</tag>
<doc>Performs an HTTP request in the current browser context</doc>
<msg timestamp="20241006 15:38:24.498" level="INFO">{'status': 201, 'body': {'message': 'Cadastro realizado com sucesso', '_id': 'TRDvFKypJjzsUSH3'}, 'headers': {'content-length': '82', 'content-type': 'application/json; charset=utf-8'}, 'type': 'cors', 'statusText': 'Created', 'url': 'https://serverest.dev/usuarios', 'ok': True, 'redirected': False}</msg>
<msg timestamp="20241006 15:38:24.498" level="INFO">${resposta} = {'status': 201, 'body': {'message': 'Cadastro realizado com sucesso', '_id': 'TRDvFKypJjzsUSH3'}, 'headers': {'content-length': '82', 'content-type': 'application/json; charset=utf-8'}, 'type': 'cors'...</msg>
<status status="PASS" starttime="20241006 15:38:23.951" endtime="20241006 15:38:24.498"/>
</kw>
<kw name="Should Be Equal As Integers" library="BuiltIn">
<arg>${resposta["status"]}</arg>
<arg>201</arg>
<doc>Fails if objects are unequal after converting them to integers.</doc>
<msg timestamp="20241006 15:38:24.499" level="INFO">Argument types are:
&lt;class 'int'&gt;
&lt;class 'str'&gt;</msg>
<status status="PASS" starttime="20241006 15:38:24.498" endtime="20241006 15:38:24.499"/>
</kw>
<status status="PASS" starttime="20241006 15:38:23.950" endtime="20241006 15:38:24.499"/>
</kw>
<kw name="Login with the new user via API" library="serve-rest-front">
<tag>login_with_api</tag>
<kw name="Http" library="Browser">
<var>${resposta}</var>
<arg>url=https://serverest.dev/login</arg>
<arg>method=POST</arg>
<arg>body={"email": "${EMAIL}","password": "123456"}</arg>
<tag>HTTP</tag>
<doc>Performs an HTTP request in the current browser context</doc>
<msg timestamp="20241006 15:38:24.942" level="INFO">{'status': 200, 'body': {'message': 'Login realizado com sucesso', 'authorization': 'Bearer eyJhbGciOiJIUzI1NiIsInR5cCI6IkpXVCJ9.eyJlbWFpbCI6ImdsZXdpc0BleGFtcGxlLm5ldCIsInBhc3N3b3JkIjoiMTIzNDU2IiwiaWF0IjoxNzI4MjIxOTAzLCJleHAiOjE3MjgyMjI1MDN9.k_1ahwlqo6zl3rVQEYy0Y2LdpD7rg2UZ4Ag1XjJ8oxg'}, 'headers': {'content-length': '273', 'content-type': 'application/json; charset=utf-8'}, 'type': 'cors', 'statusText': 'OK', 'url': 'https://serverest.dev/login', 'ok': True, 'redirected': False}</msg>
<msg timestamp="20241006 15:38:24.943" level="INFO">${resposta} = {'status': 200, 'body': {'message': 'Login realizado com sucesso', 'authorization': 'Bearer eyJhbGciOiJIUzI1NiIsInR5cCI6IkpXVCJ9.eyJlbWFpbCI6ImdsZXdpc0BleGFtcGxlLm5ldCIsInBhc3N3b3JkIjoiMTIzNDU2IiwiaWF...</msg>
<status status="PASS" starttime="20241006 15:38:24.500" endtime="20241006 15:38:24.943"/>
</kw>
<kw name="Should Be Equal As Integers" library="BuiltIn">
<arg>${resposta["status"]}</arg>
<arg>200</arg>
<doc>Fails if objects are unequal after converting them to integers.</doc>
<msg timestamp="20241006 15:38:24.944" level="INFO">Argument types are:
&lt;class 'int'&gt;
&lt;class 'str'&gt;</msg>
<status status="PASS" starttime="20241006 15:38:24.943" endtime="20241006 15:38:24.944"/>
</kw>
<kw name="LocalStorage Set Item" library="Browser">
<arg>serverest/userEmail</arg>
<arg>${EMAIL}</arg>
<tag>PageContent</tag>
<tag>Setter</tag>
<doc>Save data to the local storage.</doc>
<msg timestamp="20241006 15:38:24.948" level="INFO"/>
<status status="PASS" starttime="20241006 15:38:24.944" endtime="20241006 15:38:24.948"/>
</kw>
<kw name="LocalStorage Set Item" library="Browser">
<arg>serverest/userToken</arg>
<arg>${resposta["body"]["authorization"]}</arg>
<tag>PageContent</tag>
<tag>Setter</tag>
<doc>Save data to the local storage.</doc>
<msg timestamp="20241006 15:38:24.952" level="INFO"/>
<status status="PASS" starttime="20241006 15:38:24.949" endtime="20241006 15:38:24.952"/>
</kw>
<kw name="LocalStorage Set Item" library="Browser">
<arg>serverest/userNome</arg>
<arg>Maria Aparecida</arg>
<tag>PageContent</tag>
<tag>Setter</tag>
<doc>Save data to the local storage.</doc>
<msg timestamp="20241006 15:38:24.957" level="INFO"/>
<status status="PASS" starttime="20241006 15:38:24.953" endtime="20241006 15:38:24.957"/>
</kw>
<kw name="Go To" library="Browser">
<arg>url=https://front.serverest.dev/admin/home</arg>
<tag>BrowserControl</tag>
<tag>Setter</tag>
<doc>Navigates to the given ``url``.</doc>
<msg timestamp="20241006 15:38:26.276" level="INFO">Successfully opened URL https://front.serverest.dev/admin/home</msg>
<status status="PASS" starttime="20241006 15:38:24.957" endtime="20241006 15:38:26.276"/>
</kw>
<kw name="Take Screenshot" library="Browser">
<tag>PageContent</tag>
<doc>Takes a screenshot of the current window or element and saves it to disk.</doc>
<msg timestamp="20241006 15:38:26.347" level="INFO" html="true">&lt;/td&gt;&lt;/tr&gt;&lt;tr&gt;&lt;td colspan="3"&gt;&lt;a href="browser/screenshot/robotframework-browser-screenshot-6.png" target="_blank"&gt;&lt;img src="browser/screenshot/robotframework-browser-screenshot-6.png" width="800px"/&gt;&lt;/a&gt;</msg>
<status status="PASS" starttime="20241006 15:38:26.277" endtime="20241006 15:38:26.347"/>
</kw>
<status status="PASS" starttime="20241006 15:38:24.500" endtime="20241006 15:38:26.347"/>
</kw>
<status status="PASS" starttime="20241006 15:38:21.796" endtime="20241006 15:38:26.348"/>
</test>
<test id="s1-s1-s1-t5" name="Using Storage in the context" line="30">
<kw name="Open the Site Serve Rest Front login" library="serve-rest-front">
<tag>open_server_rest_loging</tag>
<kw name="New Browser" library="Browser">
<arg>browser=${BROWSER}</arg>
<arg>headless=${HEADLESS}</arg>
<tag>BrowserControl</tag>
<tag>Setter</tag>
<doc>Create a new playwright Browser with specified options.</doc>
<msg timestamp="20241006 15:38:26.379" level="INFO">Switching browser to browser=fc4b0cce-573f-42aa-98cf-6763090d342a</msg>
<msg timestamp="20241006 15:38:26.381" level="INFO">Successfully changed active browser</msg>
<msg timestamp="20241006 15:38:26.382" level="INFO">Reusing existing browser with id: browser=fc4b0cce-573f-42aa-98cf-6763090d342a</msg>
<status status="PASS" starttime="20241006 15:38:26.379" endtime="20241006 15:38:26.382"/>
</kw>
<kw name="New Context" library="Browser">
<arg>viewport={'width': 1200, 'height': 800}</arg>
<arg>storageState=${STORAGE_FILE}</arg>
<tag>BrowserControl</tag>
<tag>Setter</tag>
<doc>Create a new BrowserContext with specified options.</doc>
<msg timestamp="20241006 15:38:26.384" level="INFO">{
  "acceptDownloads": true,
  "bypassCSP": false,
  "forcedColors": "none",
  "hideRfBrowser": false,
  "ignoreHTTPSErrors": false,
  "javaScriptEnabled": true,
  "offline": false,
  "reducedMotion": "no-preference",
  "storageState": "/home/manoela/Robot-framework-playwright/results/browser/state/c023741a-b018-48a9-adf4-2d8744cf8d83.json",
  "viewport": {
    "height": 800,
    "width": 1200
  },
  "deprecated_pos_args": []
}</msg>
<msg timestamp="20241006 15:38:26.691" level="INFO">Successfully created context. </msg>
<msg timestamp="20241006 15:38:26.691" level="INFO">{'acceptDownloads': True, 'bypassCSP': False, 'forcedColors': 'none', 'hideRfBrowser': False, 'ignoreHTTPSErrors': False, 'javaScriptEnabled': True, 'offline': False, 'reducedMotion': 'no-preference', 'storageState': '/home/manoela/Robot-framework-playwright/results/browser/state/c023741a-b018-48a9-adf4-2d8744cf8d83.json', 'viewport': {'height': 800, 'width': 1200}, 'deprecated_pos_args': []}</msg>
<status status="PASS" starttime="20241006 15:38:26.382" endtime="20241006 15:38:26.691"/>
</kw>
<kw name="New Page" library="Browser">
<arg>url=https://front.serverest.dev/admin/home</arg>
<tag>BrowserControl</tag>
<tag>Setter</tag>
<doc>Open a new Page.</doc>
<msg timestamp="20241006 15:38:28.888" level="INFO">Successfully initialized new page object and opened url: https://front.serverest.dev/admin/home</msg>
<status status="PASS" starttime="20241006 15:38:26.692" endtime="20241006 15:38:28.889"/>
</kw>
<kw name="Get Text" library="Browser">
<arg>h1</arg>
<arg>==</arg>
<arg>Bem Vindo Maria Aparecida</arg>
<tag>Assertion</tag>
<tag>Getter</tag>
<tag>PageContent</tag>
<doc>Returns text attribute of the element found by ``selector``.</doc>
<msg timestamp="20241006 15:38:28.929" level="INFO">Text: 'Bem Vindo Maria Aparecida'</msg>
<status status="PASS" starttime="20241006 15:38:28.889" endtime="20241006 15:38:28.929"/>
</kw>
<kw name="Take Screenshot" library="Browser">
<tag>PageContent</tag>
<doc>Takes a screenshot of the current window or element and saves it to disk.</doc>
<msg timestamp="20241006 15:38:28.970" level="INFO" html="true">&lt;/td&gt;&lt;/tr&gt;&lt;tr&gt;&lt;td colspan="3"&gt;&lt;a href="browser/screenshot/robotframework-browser-screenshot-7.png" target="_blank"&gt;&lt;img src="browser/screenshot/robotframework-browser-screenshot-7.png" width="800px"/&gt;&lt;/a&gt;</msg>
<status status="PASS" starttime="20241006 15:38:28.929" endtime="20241006 15:38:28.971"/>
</kw>
<status status="PASS" starttime="20241006 15:38:26.378" endtime="20241006 15:38:28.971"/>
</kw>
<kw name="Get user list" library="serve-rest-front">
<kw name="Click" library="Browser">
<arg>css=a[data-testid='listarUsuarios']</arg>
<tag>PageContent</tag>
<tag>Setter</tag>
<doc>Simulates mouse click on the element found by ``selector``.</doc>
<status status="PASS" starttime="20241006 15:38:28.973" endtime="20241006 15:38:29.027"/>
</kw>
<status status="PASS" starttime="20241006 15:38:28.972" endtime="20241006 15:38:29.028"/>
</kw>
<status status="PASS" starttime="20241006 15:38:26.374" endtime="20241006 15:38:29.028"/>
</test>
<status status="PASS" starttime="20241006 15:37:58.702" endtime="20241006 15:38:29.058"/>
</suite>
<status status="PASS" starttime="20241006 15:37:58.699" endtime="20241006 15:38:29.073"/>
</suite>
<status status="PASS" starttime="20241006 15:37:58.685" endtime="20241006 15:38:29.075"/>
</suite>
<statistics>
<total>
<stat pass="5" fail="0" skip="0">All Tests</stat>
</total>
<tag>
</tag>
<suite>
<stat pass="5" fail="0" skip="0" id="s1" name="Robot-framework-playwright">Robot-framework-playwright</stat>
<stat pass="5" fail="0" skip="0" id="s1-s1" name="Tests">Robot-framework-playwright.Tests</stat>
<stat pass="5" fail="0" skip="0" id="s1-s1-s1" name="Serve-Rest-Front">Robot-framework-playwright.Tests.Serve-Rest-Front</stat>
</suite>
</statistics>
<errors>
</errors>
</robot>
